[debug] [2022-05-28T12:13:43.379Z] ----------------------------------------------------------------------
[debug] [2022-05-28T12:13:43.383Z] Command:       C:\Program Files\nodejs\node.exe C:\Users\hp\AppData\Roaming\npm\node_modules\firebase-tools\lib\bin\firebase.js deploy
[debug] [2022-05-28T12:13:43.384Z] CLI Version:   11.0.1
[debug] [2022-05-28T12:13:43.384Z] Platform:      win32
[debug] [2022-05-28T12:13:43.384Z] Node Version:  v16.13.1
[debug] [2022-05-28T12:13:43.385Z] Time:          Sat May 28 2022 18:13:43 GMT+0600 (Bangladesh Standard Time)
[debug] [2022-05-28T12:13:43.386Z] ----------------------------------------------------------------------
[debug] 
[debug] [2022-05-28T12:13:43.465Z] > command requires scopes: ["email","openid","https://www.googleapis.com/auth/cloudplatformprojects.readonly","https://www.googleapis.com/auth/firebase","https://www.googleapis.com/auth/cloud-platform"]
[debug] [2022-05-28T12:13:43.466Z] > authorizing via signed-in user (vusandebnath09@gmail.com)
[debug] [2022-05-28T12:13:43.466Z] [iam] checking project moto-ride-3c6f4 for permissions ["firebase.projects.get","firebasehosting.sites.update"]
[debug] [2022-05-28T12:13:43.469Z] >>> [apiv2][query] POST https://cloudresourcemanager.googleapis.com/v1/projects/moto-ride-3c6f4:testIamPermissions [none]
[debug] [2022-05-28T12:13:43.469Z] >>> [apiv2][body] POST https://cloudresourcemanager.googleapis.com/v1/projects/moto-ride-3c6f4:testIamPermissions {"permissions":["firebase.projects.get","firebasehosting.sites.update"]}
[debug] [2022-05-28T12:13:45.362Z] <<< [apiv2][status] POST https://cloudresourcemanager.googleapis.com/v1/projects/moto-ride-3c6f4:testIamPermissions 200
[debug] [2022-05-28T12:13:45.362Z] <<< [apiv2][body] POST https://cloudresourcemanager.googleapis.com/v1/projects/moto-ride-3c6f4:testIamPermissions {"permissions":["firebase.projects.get","firebasehosting.sites.update"]}
[debug] [2022-05-28T12:13:45.363Z] >>> [apiv2][query] GET https://firebase.googleapis.com/v1beta1/projects/moto-ride-3c6f4 [none]
[debug] [2022-05-28T12:13:46.220Z] <<< [apiv2][status] GET https://firebase.googleapis.com/v1beta1/projects/moto-ride-3c6f4 200
[debug] [2022-05-28T12:13:46.220Z] <<< [apiv2][body] GET https://firebase.googleapis.com/v1beta1/projects/moto-ride-3c6f4 {"projectId":"moto-ride-3c6f4","projectNumber":"504879810818","displayName":"moto-ride","name":"projects/moto-ride-3c6f4","resources":{"hostingSite":"moto-ride-3c6f4"},"state":"ACTIVE"}
[info] 
[info] === Deploying to 'moto-ride-3c6f4'...
[info] 
[info] i  deploying hosting 
[debug] [2022-05-28T12:13:46.229Z] >>> [apiv2][query] GET https://firebase.googleapis.com/v1beta1/projects/moto-ride-3c6f4 [none]
[debug] [2022-05-28T12:13:47.068Z] <<< [apiv2][status] GET https://firebase.googleapis.com/v1beta1/projects/moto-ride-3c6f4 200
[debug] [2022-05-28T12:13:47.068Z] <<< [apiv2][body] GET https://firebase.googleapis.com/v1beta1/projects/moto-ride-3c6f4 {"projectId":"moto-ride-3c6f4","projectNumber":"504879810818","displayName":"moto-ride","name":"projects/moto-ride-3c6f4","resources":{"hostingSite":"moto-ride-3c6f4"},"state":"ACTIVE"}
[debug] [2022-05-28T12:13:47.071Z] >>> [apiv2][query] POST https://firebasehosting.googleapis.com/v1beta1/projects/504879810818/sites/moto-ride-3c6f4/versions [none]
[debug] [2022-05-28T12:13:47.071Z] >>> [apiv2][body] POST https://firebasehosting.googleapis.com/v1beta1/projects/504879810818/sites/moto-ride-3c6f4/versions {"config":{"rewrites":[{"glob":"**","path":"/index.html"}]},"labels":{"deployment-tool":"cli-firebase"}}
[debug] [2022-05-28T12:13:49.366Z] <<< [apiv2][status] POST https://firebasehosting.googleapis.com/v1beta1/projects/504879810818/sites/moto-ride-3c6f4/versions 200
[debug] [2022-05-28T12:13:49.366Z] <<< [apiv2][body] POST https://firebasehosting.googleapis.com/v1beta1/projects/504879810818/sites/moto-ride-3c6f4/versions {"name":"projects/504879810818/sites/moto-ride-3c6f4/versions/b20a29abe6ff8391","status":"CREATED","config":{"rewrites":[{"glob":"**","path":"/index.html"}]},"labels":{"deployment-tool":"cli-firebase"}}
[info] i  hosting[moto-ride-3c6f4]: beginning deploy... 
[info] i  hosting[moto-ride-3c6f4]: found 15 files in build 
[debug] [2022-05-28T12:13:49.380Z] [hosting] uploading with 200 concurrency
[debug] [2022-05-28T12:13:49.389Z] [hosting] hash cache [YnVpbGQ] stored for 15 files
[debug] [2022-05-28T12:13:49.389Z] [hosting][hash queue][FINAL] {"max":4,"min":1,"avg":1,"active":0,"complete":15,"success":15,"errored":0,"retried":0,"total":15,"elapsed":7}
[debug] [2022-05-28T12:13:49.389Z] >>> [apiv2][query] POST https://firebasehosting.googleapis.com/v1beta1/projects/504879810818/sites/moto-ride-3c6f4/versions/b20a29abe6ff8391:populateFiles [none]
[debug] [2022-05-28T12:13:49.389Z] >>> [apiv2][body] POST https://firebasehosting.googleapis.com/v1beta1/projects/504879810818/sites/moto-ride-3c6f4/versions/b20a29abe6ff8391:populateFiles {"files":{"/asset-manifest.json":"72c4e165e155d4cca46489a9291ad1d873bfb4f280b96860bf4ba19f7aa65f36","/favicon.ico":"fb56a4561d3121749a7042d7ed18d8633f787a4503e4d34061eb139a23c58df9","/index.html":"e3e47e1c470168a03ff335aacf525e60822fca13105494f5715ca9b30d50004e","/logo192.png":"3ee59515172ee198f3be375979df15ac5345183e656720a381b8872b2a39dc8b","/logo512.png":"ee7e2f3fdb8209c4b6fd7bef6ba50d1b9dba30a25bb5c3126df057e1cb6f5331","/manifest.json":"aff3449bdc238776f5d6d967f19ec491b36aed5fb7f23ccff6500736fd58494a","/robots.txt":"bfe106a3fb878dc83461c86818bf74fc1bdc7f28538ba613cd3e775516ce8b49","/static/css/main.0c700ec0.css":"39b107144d194824c9db69bb2ac636b85b3e14b2070f824e8709598930ddfaf8","/static/css/main.0c700ec0.css.map":"51510c1d179e562aeffea8011ee56fa3196ed4a8706608a12be1edd681029cd5","/static/js/787.0d10fcae.chunk.js":"6733f84505e04cde87b0c557c134b14d9d3f37592936b579bdd42cbd82224d4e","/static/js/787.0d10fcae.chunk.js.map":"e4ddac74e1a95399b43033696bf44649fdb572f807dbb2bdfd6df200813ff422","/static/js/main.9c399c1a.js":"fd2276b2e3cd4a6bbb42a796b2e9ba4ace815e483e8519d3f255f3c1f34d72d0","/static/js/main.9c399c1a.js.LICENSE.txt":"14b291763220f7feeea59c3d7470910511b34f3f1705f7f206e8fe6fb416ff6b","/static/js/main.9c399c1a.js.map":"f277b0dab10a11d0a878643831435cdeb38a922b7e43c4b58bb14d08ba700ac3","/static/media/Boris-Johnson.a88124e0e1039ce26ef9.png":"f217543508e2d406942178e0616498bf3498894420bf6eef529701845fd6b3df"}}
[debug] [2022-05-28T12:13:51.468Z] <<< [apiv2][status] POST https://firebasehosting.googleapis.com/v1beta1/projects/504879810818/sites/moto-ride-3c6f4/versions/b20a29abe6ff8391:populateFiles 200
[debug] [2022-05-28T12:13:51.468Z] <<< [apiv2][body] POST https://firebasehosting.googleapis.com/v1beta1/projects/504879810818/sites/moto-ride-3c6f4/versions/b20a29abe6ff8391:populateFiles {"uploadRequiredHashes":["f217543508e2d406942178e0616498bf3498894420bf6eef529701845fd6b3df"],"uploadUrl":"https://upload-firebasehosting.googleapis.com/upload/sites/moto-ride-3c6f4/versions/b20a29abe6ff8391/files"}
[debug] [2022-05-28T12:13:51.470Z] >>> [apiv2][query] POST https://upload-firebasehosting.googleapis.com/upload/sites/moto-ride-3c6f4/versions/b20a29abe6ff8391/files/f217543508e2d406942178e0616498bf3498894420bf6eef529701845fd6b3df [none]
[debug] [2022-05-28T12:13:51.470Z] >>> [apiv2][body] POST https://upload-firebasehosting.googleapis.com/upload/sites/moto-ride-3c6f4/versions/b20a29abe6ff8391/files/f217543508e2d406942178e0616498bf3498894420bf6eef529701845fd6b3df [stream]
[debug] [2022-05-28T12:13:51.471Z] [hosting][populate queue][FINAL] {"max":2083,"min":2083,"avg":2083,"active":0,"complete":1,"success":1,"errored":0,"retried":0,"total":1,"elapsed":2084}
[debug] [2022-05-28T12:13:51.471Z] [hosting] uploads queued: 1
[debug] [2022-05-28T12:14:21.884Z] [uploadQueue] Retrying task f217543508e2d406942178e0616498bf3498894420bf6eef529701845fd6b3df
[debug] [2022-05-28T12:14:21.886Z] >>> [apiv2][query] POST https://upload-firebasehosting.googleapis.com/upload/sites/moto-ride-3c6f4/versions/b20a29abe6ff8391/files/f217543508e2d406942178e0616498bf3498894420bf6eef529701845fd6b3df [none]
[debug] [2022-05-28T12:14:21.886Z] >>> [apiv2][body] POST https://upload-firebasehosting.googleapis.com/upload/sites/moto-ride-3c6f4/versions/b20a29abe6ff8391/files/f217543508e2d406942178e0616498bf3498894420bf6eef529701845fd6b3df [stream]
[debug] [2022-05-28T12:14:52.700Z] [uploadQueue] Retrying task f217543508e2d406942178e0616498bf3498894420bf6eef529701845fd6b3df
[debug] [2022-05-28T12:14:52.700Z] >>> [apiv2][query] POST https://upload-firebasehosting.googleapis.com/upload/sites/moto-ride-3c6f4/versions/b20a29abe6ff8391/files/f217543508e2d406942178e0616498bf3498894420bf6eef529701845fd6b3df [none]
[debug] [2022-05-28T12:14:52.700Z] >>> [apiv2][body] POST https://upload-firebasehosting.googleapis.com/upload/sites/moto-ride-3c6f4/versions/b20a29abe6ff8391/files/f217543508e2d406942178e0616498bf3498894420bf6eef529701845fd6b3df [stream]
